Starting CAP Project Generator...
Using @sap/cds-dk [9.9.1] from /extbin/globals/pnpm/5/.pnpm/@sap+cds-dk@9.9.1_@eslint+js@10.0.1/node_modules/@sap/cds-dk
Using @sap/generator-cap-project [2.0.6] from [/extbin/globals/pnpm/5/.pnpm/@sap+generator-cap-project@2.0.6_encoding@0.1.13_mem-fs@2.1.0_yeoman-environment@3.19.3_@types+node@25.7.0_/node_modules/@sap/generator-cap-project]
Using root path [/home/user/projects]

Creating project with approuter, connectivity, destination, enterprise-messaging, hana, html5-repo, mta, nodejs, notifications, portal, sample, xsuaa

Adding facet: nodejs
Adding facet: mta
Adding facet: sample
Adding facet: xsuaa
Adding facet: hana
Adding facet: approuter
Adding facet: enterprise-messaging
Adding facet: connectivity
Adding facet: destination
Adding facet: html5-repo
Adding facet: portal
Adding facet: notifications

Successfully initialized CAP project
Continue with: code Purchase 


Installing dependencies...

added 328 packages, and audited 329 packages in 5s

42 packages are looking for funding
  run `npm fund` for details

found 0 vulnerabilities

Finished installing dependencies

Done setting up project Purchase
Project is ready to use

